<?xml version="1.0" encoding="UTF-8"?>
<!-- Generated by org.testng.reporters.JUnitReportReporter -->
<testsuite hostname="DESKTOP-R32VSJE" failures="0" tests="4" name="testcases.AddCustomerTest" time="33.034" errors="0" timestamp="2021-01-23T13:12:53 IST" skipped="0">
  <testcase classname="testcases.AddCustomerTest" name="addCustomerTest" time="8.130"/>
  <system-out/>
  <testcase classname="testcases.AddCustomerTest" name="addCustomerTest" time="8.384"/>
  <system-out/>
  <testcase classname="testcases.AddCustomerTest" name="addCustomerTest" time="8.425"/>
  <system-out/>
  <testcase classname="testcases.AddCustomerTest" name="addCustomerTest" time="8.095"/>
  <system-out/>
</testsuite> <!-- testcases.AddCustomerTest -->
