<?xml version="1.0" encoding="UTF-8"?>
<!-- Generated by org.testng.reporters.JUnitReportReporter -->
<testsuite hostname="DESKTOP-R32VSJE" failures="0" tests="1" name="testcases.OpenAccountTest" time="0.851" errors="0" timestamp="2021-01-23T13:12:53 IST" skipped="0">
  <testcase classname="testcases.OpenAccountTest" name="openAccountTest" time="0.851"/>
  <system-out/>
</testsuite> <!-- testcases.OpenAccountTest -->
